<?xml version="1.0" encoding="UTF-8"?>
<!-- Generated by org.testng.reporters.JUnitReportReporter -->
<testsuite hostname="LAPTOP-B82FKL5H" name="qsp.DemoResult" tests="3" failures="0" timestamp="2 Oct 2018 13:16:39 GMT" time="0.031" errors="0">
  <testcase name="editCustomer" time="0.000" classname="qsp.DemoResult"/>
  <testcase name="deleteCustomer" time="0.015" classname="qsp.DemoResult"/>
  <testcase name="createCustomer" time="0.016" classname="qsp.DemoResult"/>
</testsuite> <!-- qsp.DemoResult -->
