<?xml version="1.0" encoding="UTF-8"?>
<!-- Generated by org.testng.reporters.JUnitReportReporter -->
<testsuite hostname="LAPTOP-B82FKL5H" name="script.DemoA" tests="1" failures="0" timestamp="12 Oct 2018 02:49:34 GMT" time="54.890" errors="0">
  <testcase name="testA" time="54.890" classname="script.DemoA"/>
</testsuite> <!-- script.DemoA -->
