<?xml version="1.0" encoding="UTF-8"?>
<!-- Generated by org.testng.reporters.JUnitReportReporter -->
<testsuite hostname="LAPTOP-B82FKL5H" name="Grid.Demo" tests="1" failures="0" timestamp="28 Sep 2018 04:36:37 GMT" time="9.781" errors="0">
  <testcase name="testGrid" time="9.781" classname="Grid.Demo"/>
</testsuite> <!-- Grid.Demo -->
