<?xml version="1.0" encoding="UTF-8"?>
<!-- Generated by org.testng.reporters.JUnitReportReporter -->
<testsuite hostname="LAPTOP-B82FKL5H" name="Muharram.DemoTestNGGroup" tests="2" failures="0" timestamp="24 Sep 2018 16:16:24 GMT" time="0.010" errors="0">
  <testcase name="createUser" time="0.007" classname="Muharram.DemoTestNGGroup"/>
  <testcase name="deleteUser" time="0.003" classname="Muharram.DemoTestNGGroup"/>
</testsuite> <!-- Muharram.DemoTestNGGroup -->
