<?xml version="1.0" encoding="UTF-8"?>
<!-- Generated by org.testng.reporters.JUnitReportReporter -->
<testsuite hostname="LAPTOP-B82FKL5H" name="qsp.Tes" tests="1" failures="0" timestamp="17 Oct 2018 07:03:52 GMT" time="9.129" errors="0">
  <testcase name="test" time="9.129" classname="qsp.Tes"/>
</testsuite> <!-- qsp.Tes -->
