<?xml version="1.0" encoding="UTF-8"?>
<!-- Generated by org.testng.reporters.JUnitReportReporter -->
<testsuite hostname="LAPTOP-B82FKL5H" name="qsp.DemC" tests="1" failures="0" timestamp="15 Oct 2018 13:44:05 GMT" time="0.033" errors="0">
  <testcase name="print" time="0.033" classname="qsp.DemC"/>
</testsuite> <!-- qsp.DemC -->
