<?xml version="1.0" encoding="UTF-8"?>
<!-- Generated by org.testng.reporters.JUnitReportReporter -->
<testsuite hostname="LAPTOP-B82FKL5H" name="script.OrangeTC1" tests="1" failures="0" timestamp="18 Oct 2018 06:11:20 GMT" time="28.329" errors="0">
  <testcase name="testA" time="28.329" classname="script.OrangeTC1"/>
</testsuite> <!-- script.OrangeTC1 -->
