<?xml version="1.0" encoding="UTF-8"?>
<!-- Generated by org.testng.reporters.JUnitReportReporter -->
<testsuite hostname="LAPTOP-B82FKL5H" name="script.OrangeTC1" tests="1" failures="0" timestamp="14 Oct 2018 03:21:02 GMT" time="34.953" errors="0">
  <testcase name="testA" time="34.953" classname="script.OrangeTC1"/>
</testsuite> <!-- script.OrangeTC1 -->
