<?xml version="1.0" encoding="UTF-8"?>
<!-- Generated by org.testng.reporters.JUnitReportReporter -->
<testsuite hostname="LAPTOP-B82FKL5H" name="qsp.DemK" tests="1" failures="0" timestamp="19 Oct 2018 06:48:37 GMT" time="14.659" errors="0">
  <testcase name="open" time="14.659" classname="qsp.DemK"/>
</testsuite> <!-- qsp.DemK -->
