<?xml version="1.0" encoding="UTF-8"?>
<!-- Generated by org.testng.reporters.JUnitReportReporter -->
<testsuite hostname="LAPTOP-B82FKL5H" name="Param.DemoA" tests="1" failures="0" timestamp="26 Sep 2018 16:03:08 GMT" time="0.027" errors="0">
  <testcase name="testA" time="0.027" classname="Param.DemoA"/>
</testsuite> <!-- Param.DemoA -->
