<?xml version="1.0" encoding="UTF-8"?>
<!-- Generated by org.testng.reporters.JUnitReportReporter -->
<testsuite hostname="LAPTOP-B82FKL5H" name="Muharram.DataProvDemo" tests="2" failures="0" timestamp="24 Sep 2018 15:04:57 GMT" time="0.024" errors="0">
  <testcase name="createUser" time="0.020" classname="Muharram.DataProvDemo"/>
  <testcase name="createUser" time="0.004" classname="Muharram.DataProvDemo"/>
</testsuite> <!-- Muharram.DataProvDemo -->
