<?xml version="1.0" encoding="UTF-8"?>
<!-- Generated by org.testng.reporters.JUnitReportReporter -->
<testsuite hostname="LAPTOP-B82FKL5H" name="NG.TestNGDemo" tests="1" failures="0" timestamp="9 Oct 2018 04:23:11 GMT" time="0.057" errors="0">
  <testcase name="print" time="0.057" classname="NG.TestNGDemo"/>
</testsuite> <!-- NG.TestNGDemo -->
