<?xml version="1.0" encoding="UTF-8"?>
<!-- Generated by org.testng.reporters.JUnitReportReporter -->
<testsuite hostname="LAPTOP-B82FKL5H" name="Grid.PropertyDemo" tests="1" failures="0" timestamp="28 Sep 2018 03:15:42 GMT" time="0.019" errors="0">
  <testcase name="gridProperty" time="0.019" classname="Grid.PropertyDemo"/>
</testsuite> <!-- Grid.PropertyDemo -->
