<?xml version="1.0" encoding="UTF-8"?>
<!-- Generated by org.testng.reporters.JUnitReportReporter -->
<testsuite hostname="LAPTOP-B82FKL5H" name="p.Prac" tests="2" failures="0" timestamp="7 Oct 2018 04:44:48 GMT" time="0.025" errors="0">
  <testcase name="createUser" time="0.018" classname="p.Prac"/>
  <testcase name="createProduct" time="0.007" classname="p.Prac"/>
</testsuite> <!-- p.Prac -->
