<?xml version="1.0" encoding="UTF-8"?>
<!-- Generated by org.testng.reporters.JUnitReportReporter -->
<testsuite skipped="0" hostname="LAPTOP-B82FKL5H" name="NG.TestNGDemo" tests="1" failures="0" timestamp="15 Oct 2018 16:22:32 GMT" time="0.015" errors="0">
  <testcase name="print" time="0.015" classname="NG.TestNGDemo"/>
</testsuite> <!-- NG.TestNGDemo -->
