<?xml version="1.0" encoding="UTF-8"?>
<!-- Generated by org.testng.reporters.JUnitReportReporter -->
<testsuite skipped="0" hostname="LAPTOP-B82FKL5H" name="NG.TestNGDemo" tests="1" failures="0" timestamp="09 Oct 2018 04:24:35 GMT" time="0.016" errors="0">
  <testcase name="print" time="0.016" classname="NG.TestNGDemo"/>
</testsuite> <!-- NG.TestNGDemo -->
