<?xml version="1.0" encoding="UTF-8"?>
<!-- Generated by org.testng.reporters.JUnitReportReporter -->
<testsuite skipped="0" hostname="LAPTOP-B82FKL5H" name="script.OrangeTC1" tests="1" failures="0" timestamp="22 Oct 2018 11:05:12 GMT" time="25.236" errors="0">
  <testcase name="testA" time="25.236" classname="script.OrangeTC1"/>
</testsuite> <!-- script.OrangeTC1 -->
